# JRE version: OpenJDK Runtime Environment (23.0.2+7) (build 23.0.2+7-58)
# Java VM: OpenJDK 64-Bit Server VM (23.0.2+7-58, mixed mode, emulated-client, sharing, tiered, compressed oops, compressed class ptrs, g1 gc, linux-amd64)
GC Precious Log:
 CardTable entry size: 512
 Card Set container configuration: InlinePtr #cards 4 size 8 Array Of Cards #cards 16 size 48 Howl #buckets 8 coarsen threshold 3686 Howl Bitmap #cards 512 size 80 coarsen threshold 460 Card regions per heap region 1 cards per card region 4096
 CPUs: 16 total, 16 available
 Memory: 15653M
 Large Page Support: Disabled
 NUMA Support: Disabled
 Compressed Oops: Enabled (Zero based)
 Heap Region Size: 2M
 Heap Min Capacity: 8M
 Heap Initial Capacity: 246M
 Heap Max Capacity: 3914M
 Pre-touch: Disabled
 Parallel Workers: 13
 Concurrent Workers: 3
 Concurrent Refinement Workers: 13
 Periodic GC: Disabled
Heap:
 garbage-first heap   total reserved 4007936K, committed 266240K, used 138878K [0x000000070b600000, 0x0000000800000000)
  region size 2048K, 28 young (57344K), 4 survivors (8192K)
 Metaspace       used 84059K, committed 84928K, reserved 1179648K
  class space    used 12966K, committed 13376K, reserved 1048576K
GC Heap History (20 events):
Event: 4.407 GC heap before
{Heap before GC invocations=17 (full 0):
 garbage-first heap   total reserved 4007936K, committed 108544K, used 83911K [0x000000070b600000, 0x0000000800000000)
  region size 2048K, 23 young (47104K), 3 survivors (6144K)
 Metaspace       used 62506K, committed 63232K, reserved 1114112K
  class space    used 9236K, committed 9536K, reserved 1048576K
}
Event: 4.415 GC heap after
{Heap after GC invocations=18 (full 0):
 garbage-first heap   total reserved 4007936K, committed 108544K, used 48203K [0x000000070b600000, 0x0000000800000000)
  region size 2048K, 3 young (6144K), 3 survivors (6144K)
 Metaspace       used 62506K, committed 63232K, reserved 1114112K
  class space    used 9236K, committed 9536K, reserved 1048576K
}
Event: 4.459 GC heap before
{Heap before GC invocations=18 (full 0):
 garbage-first heap   total reserved 4007936K, committed 108544K, used 87115K [0x000000070b600000, 0x0000000800000000)
  region size 2048K, 22 young (45056K), 3 survivors (6144K)
 Metaspace       used 62506K, committed 63232K, reserved 1114112K
  class space    used 9236K, committed 9536K, reserved 1048576K
}
Event: 4.466 GC heap after
{Heap after GC invocations=19 (full 0):
 garbage-first heap   total reserved 4007936K, committed 108544K, used 50330K [0x000000070b600000, 0x0000000800000000)
  region size 2048K, 2 young (4096K), 2 survivors (4096K)
 Metaspace       used 62506K, committed 63232K, reserved 1114112K
  class space    used 9236K, committed 9536K, reserved 1048576K
}
Event: 4.509 GC heap before
{Heap before GC invocations=19 (full 0):
 garbage-first heap   total reserved 4007936K, committed 108544K, used 87194K [0x000000070b600000, 0x0000000800000000)
  region size 2048K, 21 young (43008K), 2 survivors (4096K)
 Metaspace       used 62506K, committed 63232K, reserved 1114112K
  class space    used 9236K, committed 9536K, reserved 1048576K
}
Event: 4.519 GC heap after
{Heap after GC invocations=20 (full 0):
 garbage-first heap   total reserved 4007936K, committed 110592K, used 66560K [0x000000070b600000, 0x0000000800000000)
  region size 2048K, 3 young (6144K), 3 survivors (6144K)
 Metaspace       used 62506K, committed 63232K, reserved 1114112K
  class space    used 9236K, committed 9536K, reserved 1048576K
}
Event: 4.553 GC heap before
{Heap before GC invocations=21 (full 0):
 garbage-first heap   total reserved 4007936K, committed 110592K, used 82944K [0x000000070b600000, 0x0000000800000000)
  region size 2048K, 15 young (30720K), 3 survivors (6144K)
 Metaspace       used 62506K, committed 63232K, reserved 1114112K
  class space    used 9236K, committed 9536K, reserved 1048576K
}
Event: 4.570 GC heap after
{Heap after GC invocations=22 (full 0):
 garbage-first heap   total reserved 4007936K, committed 110592K, used 69120K [0x000000070b600000, 0x0000000800000000)
  region size 2048K, 2 young (4096K), 2 survivors (4096K)
 Metaspace       used 62506K, committed 63232K, reserved 1114112K
  class space    used 9236K, committed 9536K, reserved 1048576K
}
Event: 4.598 GC heap before
{Heap before GC invocations=22 (full 0):
 garbage-first heap   total reserved 4007936K, committed 110592K, used 91648K [0x000000070b600000, 0x0000000800000000)
  region size 2048K, 12 young (24576K), 2 survivors (4096K)
 Metaspace       used 62506K, committed 63232K, reserved 1114112K
  class space    used 9236K, committed 9536K, reserved 1048576K
}
Event: 4.608 GC heap after
{Heap after GC invocations=23 (full 0):
 garbage-first heap   total reserved 4007936K, committed 110592K, used 75776K [0x000000070b600000, 0x0000000800000000)
  region size 2048K, 2 young (4096K), 2 survivors (4096K)
 Metaspace       used 62506K, committed 63232K, reserved 1114112K
  class space    used 9236K, committed 9536K, reserved 1048576K
}
Event: 4.634 GC heap before
{Heap before GC invocations=23 (full 0):
 garbage-first heap   total reserved 4007936K, committed 110592K, used 94208K [0x000000070b600000, 0x0000000800000000)
  region size 2048K, 11 young (22528K), 2 survivors (4096K)
 Metaspace       used 62507K, committed 63232K, reserved 1114112K
  class space    used 9236K, committed 9536K, reserved 1048576K
}
Event: 4.641 GC heap after
{Heap after GC invocations=24 (full 0):
 garbage-first heap   total reserved 4007936K, committed 331776K, used 80329K [0x000000070b600000, 0x0000000800000000)
  region size 2048K, 2 young (4096K), 2 survivors (4096K)
 Metaspace       used 62507K, committed 63232K, reserved 1114112K
  class space    used 9236K, committed 9536K, reserved 1048576K
}
Event: 4.864 GC heap before
{Heap before GC invocations=25 (full 0):
 garbage-first heap   total reserved 4007936K, committed 266240K, used 221641K [0x000000070b600000, 0x0000000800000000)
  region size 2048K, 73 young (149504K), 2 survivors (4096K)
 Metaspace       used 62594K, committed 63296K, reserved 1114112K
  class space    used 9256K, committed 9536K, reserved 1048576K
}
Event: 4.869 GC heap after
{Heap after GC invocations=26 (full 0):
 garbage-first heap   total reserved 4007936K, committed 266240K, used 87326K [0x000000070b600000, 0x0000000800000000)
  region size 2048K, 7 young (14336K), 7 survivors (14336K)
 Metaspace       used 62594K, committed 63296K, reserved 1114112K
  class space    used 9256K, committed 9536K, reserved 1048576K
}
Event: 5.041 GC heap before
{Heap before GC invocations=26 (full 0):
 garbage-first heap   total reserved 4007936K, committed 266240K, used 179486K [0x000000070b600000, 0x0000000800000000)
  region size 2048K, 52 young (106496K), 7 survivors (14336K)
 Metaspace       used 63118K, committed 63808K, reserved 1114112K
  class space    used 9346K, committed 9664K, reserved 1048576K
}
Event: 5.044 GC heap after
{Heap after GC invocations=27 (full 0):
 garbage-first heap   total reserved 4007936K, committed 266240K, used 81723K [0x000000070b600000, 0x0000000800000000)
  region size 2048K, 4 young (8192K), 4 survivors (8192K)
 Metaspace       used 63118K, committed 63808K, reserved 1114112K
  class space    used 9346K, committed 9664K, reserved 1048576K
}
Event: 6.685 GC heap before
{Heap before GC invocations=27 (full 0):
 garbage-first heap   total reserved 4007936K, committed 266240K, used 155451K [0x000000070b600000, 0x0000000800000000)
  region size 2048K, 42 young (86016K), 4 survivors (8192K)
 Metaspace       used 78863K, committed 79616K, reserved 1179648K
  class space    used 12040K, committed 12352K, reserved 1048576K
}
Event: 6.689 GC heap after
{Heap after GC invocations=28 (full 0):
 garbage-first heap   total reserved 4007936K, committed 266240K, used 87517K [0x000000070b600000, 0x0000000800000000)
  region size 2048K, 7 young (14336K), 7 survivors (14336K)
 Metaspace       used 78863K, committed 79616K, reserved 1179648K
  class space    used 12040K, committed 12352K, reserved 1048576K
}
Event: 1110.510 GC heap before
{Heap before GC invocations=29 (full 0):
 garbage-first heap   total reserved 4007936K, committed 266240K, used 194013K [0x000000070b600000, 0x0000000800000000)
  region size 2048K, 60 young (122880K), 7 survivors (14336K)
 Metaspace       used 84020K, committed 84800K, reserved 1179648K
  class space    used 12958K, committed 13312K, reserved 1048576K
}
Event: 1110.519 GC heap after
{Heap after GC invocations=30 (full 0):
 garbage-first heap   total reserved 4007936K, committed 266240K, used 87678K [0x000000070b600000, 0x0000000800000000)
  region size 2048K, 4 young (8192K), 4 survivors (8192K)
 Metaspace       used 84020K, committed 84800K, reserved 1179648K
  class space    used 12958K, committed 13312K, reserved 1048576K
}

